<?xml version="1.0" ?>
<coverage branch-rate="0.6364" branches-covered="14" branches-valid="22" complexity="0" line-rate="0.925" lines-covered="111" lines-valid="120" timestamp="1582633783012" version="4.5.1">
	<!-- Generated by coverage.py: https://coverage.readthedocs.io -->
	<!-- Based on https://raw.githubusercontent.com/cobertura/web/master/htdocs/xml/coverage-04.dtd -->
	<sources>
		<source>C:\dl\Dropbox\mat-dir\myapps\pypi-projects\baidu-tr-free\bdtr</source>
	</sources>
	<packages>
		<package branch-rate="0.6364" complexity="0" line-rate="0.925" name=".">
			<classes>
				<class branch-rate="1" complexity="0" filename="__init__.py" line-rate="1" name="__init__.py">
					<methods/>
					<lines>
						<line hits="1" number="1"/>
						<line hits="1" number="2"/>
						<line hits="1" number="6"/>
						<line hits="1" number="7"/>
					</lines>
				</class>
				<class branch-rate="0.6364" complexity="0" filename="bdtr.py" line-rate="0.9167" name="bdtr.py">
					<methods/>
					<lines>
						<line hits="1" number="15"/>
						<line hits="1" number="16"/>
						<line hits="1" number="17"/>
						<line hits="1" number="18"/>
						<line hits="1" number="19"/>
						<line hits="1" number="21"/>
						<line hits="1" number="23"/>
						<line hits="1" number="24"/>
						<line hits="1" number="26"/>
						<line hits="1" number="27"/>
						<line hits="1" number="29"/>
						<line hits="1" number="30"/>
						<line hits="1" number="33"/>
						<line hits="1" number="34"/>
						<line hits="1" number="37"/>
						<line hits="1" number="38"/>
						<line hits="1" number="41"/>
						<line hits="1" number="42"/>
						<line hits="1" number="49"/>
						<line hits="1" number="50"/>
						<line hits="1" number="53"/>
						<line hits="1" number="54"/>
						<line hits="1" number="56"/>
						<line hits="1" number="66"/>
						<line hits="1" number="67"/>
						<line hits="1" number="70"/>
						<line hits="1" number="72"/>
						<line hits="1" number="74"/>
						<line hits="1" number="75"/>
						<line hits="1" number="76"/>
						<line hits="1" number="77"/>
						<line hits="1" number="83"/>
						<line hits="1" number="105"/>
						<line hits="1" number="120"/>
						<line hits="1" number="128"/>
						<line hits="1" number="129"/>
						<line hits="1" number="133"/>
						<line hits="1" number="134"/>
						<line hits="1" number="138"/>
						<line branch="true" condition-coverage="50% (1/2)" hits="1" missing-branches="157" number="139"/>
						<line hits="1" number="140"/>
						<line hits="1" number="141"/>
						<line hits="1" number="143"/>
						<line hits="1" number="144"/>
						<line hits="1" number="145"/>
						<line hits="1" number="146"/>
						<line hits="1" number="148"/>
						<line hits="1" number="149"/>
						<line hits="1" number="152"/>
						<line hits="1" number="155"/>
						<line hits="1" number="157"/>
						<line hits="1" number="158"/>
						<line hits="1" number="161"/>
						<line hits="1" number="163"/>
						<line hits="1" number="168"/>
						<line hits="1" number="169"/>
						<line hits="1" number="172"/>
						<line hits="1" number="175"/>
						<line hits="0" number="180"/>
						<line hits="1" number="183"/>
						<line branch="true" condition-coverage="100% (2/2)" hits="1" number="185"/>
						<line hits="1" number="222"/>
						<line hits="1" number="229"/>
						<line hits="1" number="230"/>
						<line hits="1" number="234"/>
						<line hits="1" number="235"/>
						<line hits="1" number="240"/>
						<line hits="1" number="241"/>
						<line hits="1" number="246"/>
						<line hits="1" number="247"/>
						<line hits="1" number="252"/>
						<line hits="1" number="253"/>
						<line branch="true" condition-coverage="50% (1/2)" hits="1" missing-branches="258" number="257"/>
						<line hits="0" number="258"/>
						<line hits="1" number="260"/>
						<line hits="1" number="262"/>
						<line hits="1" number="263"/>
						<line branch="true" condition-coverage="50% (1/2)" hits="1" missing-branches="266" number="265"/>
						<line hits="0" number="266"/>
						<line branch="true" condition-coverage="50% (1/2)" hits="1" missing-branches="268" number="267"/>
						<line hits="0" number="268"/>
						<line branch="true" condition-coverage="50% (1/2)" hits="1" missing-branches="271" number="270"/>
						<line hits="0" number="271"/>
						<line branch="true" condition-coverage="50% (1/2)" hits="1" missing-branches="273" number="272"/>
						<line hits="0" number="273"/>
						<line branch="true" condition-coverage="100% (2/2)" hits="1" number="278"/>
						<line hits="1" number="279"/>
						<line branch="true" condition-coverage="100% (2/2)" hits="1" number="281"/>
						<line hits="1" number="282"/>
						<line hits="1" number="284"/>
						<line hits="1" number="286"/>
						<line hits="1" number="298"/>
						<line hits="1" number="300"/>
						<line hits="1" number="302"/>
						<line hits="1" number="303"/>
						<line hits="1" number="304"/>
						<line hits="1" number="309"/>
						<line branch="true" condition-coverage="50% (1/2)" hits="1" missing-branches="314" number="311"/>
						<line hits="1" number="312"/>
						<line hits="0" number="314"/>
						<line hits="0" number="315"/>
						<line hits="1" number="317"/>
						<line hits="1" number="318"/>
						<line hits="1" number="323"/>
						<line hits="1" number="325"/>
						<line branch="true" condition-coverage="50% (1/2)" hits="1" missing-branches="329" number="327"/>
						<line hits="1" number="328"/>
						<line hits="0" number="329"/>
					</lines>
				</class>
				<class branch-rate="1" complexity="0" filename="js2py_sign.py" line-rate="1" name="js2py_sign.py">
					<methods/>
					<lines>
						<line hits="1" number="4"/>
						<line hits="1" number="6"/>
						<line hits="1" number="49"/>
						<line hits="1" number="51"/>
						<line hits="1" number="54"/>
						<line hits="1" number="56"/>
					</lines>
				</class>
				<class branch-rate="1" complexity="0" filename="py_sign.py" line-rate="1" name="py_sign.py">
					<methods/>
					<lines>
						<line hits="1" number="4"/>
						<line hits="1" number="5"/>
					</lines>
				</class>
			</classes>
		</package>
	</packages>
</coverage>
